<?xml version="1.0" encoding="UTF-8" ?>
<testsuite tests="7" failures="0" name="com.niit.shoppingcart.UserDAOTestCase" time="39.389" errors="0" skipped="7">
  <properties>
[...]
</properties>
  <testcase classname="com.niit.shoppingcart.UserDAOTestCase" name="saveUserTestCase" time="5.627">
    <skipped/>
    <system-err>Apr 20, 2018 4:42:02 PM org.springframework.context.annotation.AnnotationConfigApplicationContext prepareRefresh
INFO: Refreshing org.springframework.context.annotation.AnnotationConfigApplicationContext@3caeaf62: startup date [Fri Apr 20 16:42:01 IST 2018]; root of context hierarchy
Apr 20, 2018 4:42:03 PM org.springframework.jdbc.datasource.DriverManagerDataSource setDriverClassName
INFO: Loaded JDBC driver: org.h2.Driver
Apr 20, 2018 4:42:03 PM org.hibernate.annotations.common.reflection.java.JavaReflectionManager &lt;clinit&gt;
INFO: HCANN000001: Hibernate Commons Annotations {4.0.5.Final}
Apr 20, 2018 4:42:03 PM org.hibernate.Version logVersion
INFO: HHH000412: Hibernate Core {4.3.6.Final}
Apr 20, 2018 4:42:03 PM org.hibernate.cfg.Environment &lt;clinit&gt;
INFO: HHH000206: hibernate.properties not found
Apr 20, 2018 4:42:03 PM org.hibernate.cfg.Environment buildBytecodeProvider
INFO: HHH000021: Bytecode provider name : javassist
Apr 20, 2018 4:42:04 PM org.hibernate.dialect.Dialect &lt;init&gt;
INFO: HHH000400: Using dialect: org.hibernate.dialect.H2Dialect
Apr 20, 2018 4:42:04 PM org.hibernate.engine.transaction.internal.TransactionFactoryInitiator initiateService
INFO: HHH000399: Using default transaction strategy (direct JDBC transactions)
Apr 20, 2018 4:42:04 PM org.hibernate.hql.internal.ast.ASTQueryTranslatorFactory &lt;init&gt;
INFO: HHH000397: Using ASTQueryTranslatorFactory
Apr 20, 2018 4:42:05 PM org.hibernate.tool.hbm2ddl.SchemaUpdate execute
INFO: HHH000228: Running hbm2ddl schema update
Apr 20, 2018 4:42:05 PM org.hibernate.tool.hbm2ddl.SchemaUpdate execute
INFO: HHH000102: Fetching database metadata
Apr 20, 2018 4:42:05 PM org.hibernate.tool.hbm2ddl.SchemaUpdate execute
INFO: HHH000396: Updating schema
Apr 20, 2018 4:42:06 PM org.hibernate.tool.hbm2ddl.TableMetadata &lt;init&gt;
INFO: HHH000261: Table found: SHOPPINGCARTDB2.PUBLIC.CART
Apr 20, 2018 4:42:06 PM org.hibernate.tool.hbm2ddl.TableMetadata &lt;init&gt;
INFO: HHH000037: Columns: [quantity, emailid, pid, id]
Apr 20, 2018 4:42:06 PM org.hibernate.tool.hbm2ddl.TableMetadata &lt;init&gt;
INFO: HHH000108: Foreign keys: [fk_6q3eg0cauel6r23c04wk287e4]
Apr 20, 2018 4:42:06 PM org.hibernate.tool.hbm2ddl.TableMetadata &lt;init&gt;
INFO: HHH000126: Indexes: [primary_key_1, fk_6q3eg0cauel6r23c04wk287e4_index_1]
Apr 20, 2018 4:42:06 PM org.hibernate.tool.hbm2ddl.TableMetadata &lt;init&gt;
INFO: HHH000261: Table found: SHOPPINGCARTDB2.PUBLIC.CATEGORY
Apr 20, 2018 4:42:06 PM org.hibernate.tool.hbm2ddl.TableMetadata &lt;init&gt;
INFO: HHH000037: Columns: [name, description, id]
Apr 20, 2018 4:42:06 PM org.hibernate.tool.hbm2ddl.TableMetadata &lt;init&gt;
INFO: HHH000108: Foreign keys: []
Apr 20, 2018 4:42:06 PM org.hibernate.tool.hbm2ddl.TableMetadata &lt;init&gt;
INFO: HHH000126: Indexes: [primary_key_3]
Apr 20, 2018 4:42:06 PM org.hibernate.tool.hbm2ddl.TableMetadata &lt;init&gt;
INFO: HHH000261: Table found: SHOPPINGCARTDB2.PUBLIC.ORDERS
Apr 20, 2018 4:42:06 PM org.hibernate.tool.hbm2ddl.TableMetadata &lt;init&gt;
INFO: HHH000037: Columns: [total, address, pin, uname, city, phone, emailid, id]
Apr 20, 2018 4:42:06 PM org.hibernate.tool.hbm2ddl.TableMetadata &lt;init&gt;
INFO: HHH000108: Foreign keys: []
Apr 20, 2018 4:42:06 PM org.hibernate.tool.hbm2ddl.TableMetadata &lt;init&gt;
INFO: HHH000126: Indexes: [primary_key_8]
Apr 20, 2018 4:42:06 PM org.hibernate.tool.hbm2ddl.TableMetadata &lt;init&gt;
INFO: HHH000261: Table found: SHOPPINGCARTDB2.PUBLIC.PRODUCT
Apr 20, 2018 4:42:06 PM org.hibernate.tool.hbm2ddl.TableMetadata &lt;init&gt;
INFO: HHH000037: Columns: [price, name, description, id, stock, cid, sid]
Apr 20, 2018 4:42:06 PM org.hibernate.tool.hbm2ddl.TableMetadata &lt;init&gt;
INFO: HHH000108: Foreign keys: [fk_ru9jyd6ytnyeb3rj3b2fxv6vb, fk_94yf0172bv1ugdylywvtvpa9r]
Apr 20, 2018 4:42:06 PM org.hibernate.tool.hbm2ddl.TableMetadata &lt;init&gt;
INFO: HHH000126: Indexes: [fk_94yf0172bv1ugdylywvtvpa9r_index_2, fk_ru9jyd6ytnyeb3rj3b2fxv6vb_index_2, primary_key_200]
Apr 20, 2018 4:42:06 PM org.hibernate.tool.hbm2ddl.TableMetadata &lt;init&gt;
INFO: HHH000261: Table found: SHOPPINGCARTDB2.PUBLIC.SUPPLIER
Apr 20, 2018 4:42:06 PM org.hibernate.tool.hbm2ddl.TableMetadata &lt;init&gt;
INFO: HHH000037: Columns: [address, name, id]
Apr 20, 2018 4:42:06 PM org.hibernate.tool.hbm2ddl.TableMetadata &lt;init&gt;
INFO: HHH000108: Foreign keys: []
Apr 20, 2018 4:42:06 PM org.hibernate.tool.hbm2ddl.TableMetadata &lt;init&gt;
INFO: HHH000126: Indexes: [primary_key_c]
Apr 20, 2018 4:42:06 PM org.hibernate.tool.hbm2ddl.TableMetadata &lt;init&gt;
INFO: HHH000261: Table found: SHOPPINGCARTDB2.PUBLIC.USER
Apr 20, 2018 4:42:06 PM org.hibernate.tool.hbm2ddl.TableMetadata &lt;init&gt;
INFO: HHH000037: Columns: [password, registereddate, role, mobile, name, emailid]
Apr 20, 2018 4:42:06 PM org.hibernate.tool.hbm2ddl.TableMetadata &lt;init&gt;
INFO: HHH000108: Foreign keys: []
Apr 20, 2018 4:42:06 PM org.hibernate.tool.hbm2ddl.TableMetadata &lt;init&gt;
INFO: HHH000126: Indexes: [primary_key_2]
Apr 20, 2018 4:42:06 PM org.hibernate.tool.hbm2ddl.SchemaUpdate execute
INFO: HHH000232: Schema update complete
SLF4J: Failed to load class &quot;org.slf4j.impl.StaticLoggerBinder&quot;.
SLF4J: Defaulting to no-operation (NOP) logger implementation
SLF4J: See http://www.slf4j.org/codes.html#StaticLoggerBinder for further details.
Apr 20, 2018 4:42:06 PM org.springframework.orm.hibernate4.HibernateTransactionManager afterPropertiesSet
INFO: Using DataSource [org.springframework.jdbc.datasource.DriverManagerDataSource@4fcee388] of Hibernate SessionFactory for HibernateTransactionManager
</system-err>
  </testcase>
  <testcase classname="com.niit.shoppingcart.UserDAOTestCase" name="deleteUserFailureTestCase" time="5.627">
    <skipped/>
  </testcase>
  <testcase classname="com.niit.shoppingcart.UserDAOTestCase" name="getUserSuccessTestCase" time="5.627">
    <skipped/>
  </testcase>
  <testcase classname="com.niit.shoppingcart.UserDAOTestCase" name="getAllUsersTestCase" time="5.627">
    <skipped/>
  </testcase>
  <testcase classname="com.niit.shoppingcart.UserDAOTestCase" name="updateUserTestCase" time="5.627">
    <skipped/>
  </testcase>
  <testcase classname="com.niit.shoppingcart.UserDAOTestCase" name="getUserFailureTestCase" time="5.627">
    <skipped/>
  </testcase>
  <testcase classname="com.niit.shoppingcart.UserDAOTestCase" name="deleteUserSuccessTestCase" time="5.627">
    <skipped/>
  </testcase>
</testsuite>